[2024-06-03 20:38:40] local.ERROR: The /Users/hlspablo/code/cassino/bootstrap/cache directory must be present and writable. {"exception":"[object] (Exception(code: 0): The /Users/hlspablo/code/cassino/bootstrap/cache directory must be present and writable. at /Users/hlspablo/code/cassino/vendor/laravel/framework/src/Illuminate/Foundation/PackageManifest.php:178)
[stacktrace]
#0 /Users/hlspablo/code/cassino/vendor/laravel/framework/src/Illuminate/Foundation/PackageManifest.php(131): Illuminate\\Foundation\\PackageManifest->write(Array)
#1 /Users/hlspablo/code/cassino/vendor/laravel/framework/src/Illuminate/Foundation/PackageManifest.php(107): Illuminate\\Foundation\\PackageManifest->build()
#2 /Users/hlspablo/code/cassino/vendor/laravel/framework/src/Illuminate/Foundation/PackageManifest.php(90): Illuminate\\Foundation\\PackageManifest->getManifest()
#3 /Users/hlspablo/code/cassino/vendor/laravel/framework/src/Illuminate/Foundation/PackageManifest.php(79): Illuminate\\Foundation\\PackageManifest->config('aliases')
#4 /Users/hlspablo/code/cassino/vendor/laravel/framework/src/Illuminate/Foundation/Bootstrap/RegisterFacades.php(26): Illuminate\\Foundation\\PackageManifest->aliases()
#5 /Users/hlspablo/code/cassino/vendor/laravel/framework/src/Illuminate/Foundation/Application.php(309): Illuminate\\Foundation\\Bootstrap\\RegisterFacades->bootstrap(Object(Illuminate\\Foundation\\Application))
#6 /Users/hlspablo/code/cassino/vendor/laravel/framework/src/Illuminate/Foundation/Console/Kernel.php(470): Illuminate\\Foundation\\Application->bootstrapWith(Array)
#7 /Users/hlspablo/code/cassino/vendor/laravel/framework/src/Illuminate/Foundation/Console/Kernel.php(194): Illuminate\\Foundation\\Console\\Kernel->bootstrap()
#8 /Users/hlspablo/code/cassino/artisan(35): Illuminate\\Foundation\\Console\\Kernel->handle(Object(Symfony\\Component\\Console\\Input\\ArgvInput), Object(Symfony\\Component\\Console\\Output\\ConsoleOutput))
#9 {main}
"} 
[2024-06-03 20:39:36] local.ERROR: SQLSTATE[HY000] [2002] Operation timed out (Connection: mysql, SQL: select table_name as `name`, (data_length + index_length) as `size`, table_comment as `comment`, engine as `engine`, table_collation as `collation` from information_schema.tables where table_schema = 'cassinobles' and table_type in ('BASE TABLE', 'SYSTEM VERSIONED') order by table_name) {"exception":"[object] (Illuminate\\Database\\QueryException(code: 2002): SQLSTATE[HY000] [2002] Operation timed out (Connection: mysql, SQL: select table_name as `name`, (data_length + index_length) as `size`, table_comment as `comment`, engine as `engine`, table_collation as `collation` from information_schema.tables where table_schema = 'cassinobles' and table_type in ('BASE TABLE', 'SYSTEM VERSIONED') order by table_name) at /Users/hlspablo/code/cassino/vendor/laravel/framework/src/Illuminate/Database/Connection.php:813)
[stacktrace]
#0 /Users/hlspablo/code/cassino/vendor/laravel/framework/src/Illuminate/Database/Connection.php(767): Illuminate\\Database\\Connection->runQueryCallback('select table_na...', Array, Object(Closure))
#1 /Users/hlspablo/code/cassino/vendor/laravel/framework/src/Illuminate/Database/Connection.php(398): Illuminate\\Database\\Connection->run('select table_na...', Array, Object(Closure))
#2 /Users/hlspablo/code/cassino/vendor/laravel/framework/src/Illuminate/Database/Connection.php(385): Illuminate\\Database\\Connection->select('select table_na...', Array, false)
#3 /Users/hlspablo/code/cassino/vendor/laravel/framework/src/Illuminate/Database/Schema/MySqlBuilder.php(41): Illuminate\\Database\\Connection->selectFromWriteConnection('select table_na...')
#4 /Users/hlspablo/code/cassino/vendor/laravel/framework/src/Illuminate/Database/Schema/Builder.php(147): Illuminate\\Database\\Schema\\MySqlBuilder->getTables(false)
#5 /Users/hlspablo/code/cassino/vendor/laravel/framework/src/Illuminate/Support/Facades/Facade.php(357): Illuminate\\Database\\Schema\\Builder->hasTable('settings')
#6 /Users/hlspablo/code/cassino/app/Providers/SettingServiceProvider.php(26): Illuminate\\Support\\Facades\\Facade::__callStatic('hasTable', Array)
#7 /Users/hlspablo/code/cassino/vendor/laravel/framework/src/Illuminate/Container/BoundMethod.php(36): App\\Providers\\SettingServiceProvider->boot()
#8 /Users/hlspablo/code/cassino/vendor/laravel/framework/src/Illuminate/Container/Util.php(41): Illuminate\\Container\\BoundMethod::Illuminate\\Container\\{closure}()
#9 /Users/hlspablo/code/cassino/vendor/laravel/framework/src/Illuminate/Container/BoundMethod.php(93): Illuminate\\Container\\Util::unwrapIfClosure(Object(Closure))
#10 /Users/hlspablo/code/cassino/vendor/laravel/framework/src/Illuminate/Container/BoundMethod.php(35): Illuminate\\Container\\BoundMethod::callBoundMethod(Object(Illuminate\\Foundation\\Application), Array, Object(Closure))
#11 /Users/hlspablo/code/cassino/vendor/laravel/framework/src/Illuminate/Container/Container.php(662): Illuminate\\Container\\BoundMethod::call(Object(Illuminate\\Foundation\\Application), Array, Array, NULL)
#12 /Users/hlspablo/code/cassino/vendor/laravel/framework/src/Illuminate/Foundation/Application.php(1107): Illuminate\\Container\\Container->call(Array)
#13 /Users/hlspablo/code/cassino/vendor/laravel/framework/src/Illuminate/Foundation/Application.php(1088): Illuminate\\Foundation\\Application->bootProvider(Object(App\\Providers\\SettingServiceProvider))
#14 [internal function]: Illuminate\\Foundation\\Application->Illuminate\\Foundation\\{closure}(Object(App\\Providers\\SettingServiceProvider), 'App\\\\Providers\\\\S...')
#15 /Users/hlspablo/code/cassino/vendor/laravel/framework/src/Illuminate/Foundation/Application.php(1087): array_walk(Array, Object(Closure))
#16 /Users/hlspablo/code/cassino/vendor/laravel/framework/src/Illuminate/Foundation/Bootstrap/BootProviders.php(17): Illuminate\\Foundation\\Application->boot()
#17 /Users/hlspablo/code/cassino/vendor/laravel/framework/src/Illuminate/Foundation/Application.php(309): Illuminate\\Foundation\\Bootstrap\\BootProviders->bootstrap(Object(Illuminate\\Foundation\\Application))
#18 /Users/hlspablo/code/cassino/vendor/laravel/framework/src/Illuminate/Foundation/Console/Kernel.php(470): Illuminate\\Foundation\\Application->bootstrapWith(Array)
#19 /Users/hlspablo/code/cassino/vendor/laravel/framework/src/Illuminate/Foundation/Console/Kernel.php(194): Illuminate\\Foundation\\Console\\Kernel->bootstrap()
#20 /Users/hlspablo/code/cassino/artisan(35): Illuminate\\Foundation\\Console\\Kernel->handle(Object(Symfony\\Component\\Console\\Input\\ArgvInput), Object(Symfony\\Component\\Console\\Output\\ConsoleOutput))
#21 {main}

[previous exception] [object] (PDOException(code: 2002): SQLSTATE[HY000] [2002] Operation timed out at /Users/hlspablo/code/cassino/vendor/laravel/framework/src/Illuminate/Database/Connectors/Connector.php:65)
[stacktrace]
#0 /Users/hlspablo/code/cassino/vendor/laravel/framework/src/Illuminate/Database/Connectors/Connector.php(65): PDO->__construct('mysql:host=172....', 'cassinohub', Object(SensitiveParameterValue), Array)
#1 /Users/hlspablo/code/cassino/vendor/laravel/framework/src/Illuminate/Database/Connectors/Connector.php(44): Illuminate\\Database\\Connectors\\Connector->createPdoConnection('mysql:host=172....', 'cassinohub', 'rato24151993', Array)
#2 /Users/hlspablo/code/cassino/vendor/laravel/framework/src/Illuminate/Database/Connectors/MySqlConnector.php(24): Illuminate\\Database\\Connectors\\Connector->createConnection('mysql:host=172....', Array, Array)
#3 /Users/hlspablo/code/cassino/vendor/laravel/framework/src/Illuminate/Database/Connectors/ConnectionFactory.php(185): Illuminate\\Database\\Connectors\\MySqlConnector->connect(Array)
#4 [internal function]: Illuminate\\Database\\Connectors\\ConnectionFactory->Illuminate\\Database\\Connectors\\{closure}()
#5 /Users/hlspablo/code/cassino/vendor/laravel/framework/src/Illuminate/Database/Connection.php(1219): call_user_func(Object(Closure))
#6 /Users/hlspablo/code/cassino/vendor/laravel/framework/src/Illuminate/Database/Connection.php(512): Illuminate\\Database\\Connection->getPdo()
#7 /Users/hlspablo/code/cassino/vendor/laravel/framework/src/Illuminate/Database/Connection.php(407): Illuminate\\Database\\Connection->getPdoForSelect(false)
#8 /Users/hlspablo/code/cassino/vendor/laravel/framework/src/Illuminate/Database/Connection.php(800): Illuminate\\Database\\Connection->Illuminate\\Database\\{closure}('select table_na...', Array)
#9 /Users/hlspablo/code/cassino/vendor/laravel/framework/src/Illuminate/Database/Connection.php(767): Illuminate\\Database\\Connection->runQueryCallback('select table_na...', Array, Object(Closure))
#10 /Users/hlspablo/code/cassino/vendor/laravel/framework/src/Illuminate/Database/Connection.php(398): Illuminate\\Database\\Connection->run('select table_na...', Array, Object(Closure))
#11 /Users/hlspablo/code/cassino/vendor/laravel/framework/src/Illuminate/Database/Connection.php(385): Illuminate\\Database\\Connection->select('select table_na...', Array, false)
#12 /Users/hlspablo/code/cassino/vendor/laravel/framework/src/Illuminate/Database/Schema/MySqlBuilder.php(41): Illuminate\\Database\\Connection->selectFromWriteConnection('select table_na...')
#13 /Users/hlspablo/code/cassino/vendor/laravel/framework/src/Illuminate/Database/Schema/Builder.php(147): Illuminate\\Database\\Schema\\MySqlBuilder->getTables(false)
#14 /Users/hlspablo/code/cassino/vendor/laravel/framework/src/Illuminate/Support/Facades/Facade.php(357): Illuminate\\Database\\Schema\\Builder->hasTable('settings')
#15 /Users/hlspablo/code/cassino/app/Providers/SettingServiceProvider.php(26): Illuminate\\Support\\Facades\\Facade::__callStatic('hasTable', Array)
#16 /Users/hlspablo/code/cassino/vendor/laravel/framework/src/Illuminate/Container/BoundMethod.php(36): App\\Providers\\SettingServiceProvider->boot()
#17 /Users/hlspablo/code/cassino/vendor/laravel/framework/src/Illuminate/Container/Util.php(41): Illuminate\\Container\\BoundMethod::Illuminate\\Container\\{closure}()
#18 /Users/hlspablo/code/cassino/vendor/laravel/framework/src/Illuminate/Container/BoundMethod.php(93): Illuminate\\Container\\Util::unwrapIfClosure(Object(Closure))
#19 /Users/hlspablo/code/cassino/vendor/laravel/framework/src/Illuminate/Container/BoundMethod.php(35): Illuminate\\Container\\BoundMethod::callBoundMethod(Object(Illuminate\\Foundation\\Application), Array, Object(Closure))
#20 /Users/hlspablo/code/cassino/vendor/laravel/framework/src/Illuminate/Container/Container.php(662): Illuminate\\Container\\BoundMethod::call(Object(Illuminate\\Foundation\\Application), Array, Array, NULL)
#21 /Users/hlspablo/code/cassino/vendor/laravel/framework/src/Illuminate/Foundation/Application.php(1107): Illuminate\\Container\\Container->call(Array)
#22 /Users/hlspablo/code/cassino/vendor/laravel/framework/src/Illuminate/Foundation/Application.php(1088): Illuminate\\Foundation\\Application->bootProvider(Object(App\\Providers\\SettingServiceProvider))
#23 [internal function]: Illuminate\\Foundation\\Application->Illuminate\\Foundation\\{closure}(Object(App\\Providers\\SettingServiceProvider), 'App\\\\Providers\\\\S...')
#24 /Users/hlspablo/code/cassino/vendor/laravel/framework/src/Illuminate/Foundation/Application.php(1087): array_walk(Array, Object(Closure))
#25 /Users/hlspablo/code/cassino/vendor/laravel/framework/src/Illuminate/Foundation/Bootstrap/BootProviders.php(17): Illuminate\\Foundation\\Application->boot()
#26 /Users/hlspablo/code/cassino/vendor/laravel/framework/src/Illuminate/Foundation/Application.php(309): Illuminate\\Foundation\\Bootstrap\\BootProviders->bootstrap(Object(Illuminate\\Foundation\\Application))
#27 /Users/hlspablo/code/cassino/vendor/laravel/framework/src/Illuminate/Foundation/Console/Kernel.php(470): Illuminate\\Foundation\\Application->bootstrapWith(Array)
#28 /Users/hlspablo/code/cassino/vendor/laravel/framework/src/Illuminate/Foundation/Console/Kernel.php(194): Illuminate\\Foundation\\Console\\Kernel->bootstrap()
#29 /Users/hlspablo/code/cassino/artisan(35): Illuminate\\Foundation\\Console\\Kernel->handle(Object(Symfony\\Component\\Console\\Input\\ArgvInput), Object(Symfony\\Component\\Console\\Output\\ConsoleOutput))
#30 {main}
"} 
